PrismaClientKnownRequestError: 
Invalid `__TURBOPACK__imported__module__$5b$project$5d2f$Desktop$2f$img$2d$cloud$2f$src$2f$lib$2f$prisma$2e$js__$5b$app$2d$route$5d$__$28$ecmascript$29$__["default"].image.create()` invocation in
C:\Users\zaanv\Desktop\img-cloud\.next\dev\server\chunks\[root-of-the-server]__0ev~-y5._.js:130:195

  127 });
  128 await s3Client.send(command);
  129 const publicUrl = `${process.env.R2_PUBLIC_URL}/${fileName}`;
→ 130 const newImage = await __TURBOPACK__imported__module__$5b$project$5d2f$Desktop$2f$img$2d$cloud$2f$src$2f$lib$2f$prisma$2e$js__$5b$app$2d$route$5d$__$28$ecmascript$29$__["default"].image.create(
URL_INVALID: The URL 'undefined' is not in a valid format
    at zr.handleRequestError (C:\Users\zaanv\Desktop\img-cloud\node_modules\@prisma\client\runtime\client.js:65:8286)
    at zr.handleAndLogRequestError (C:\Users\zaanv\Desktop\img-cloud\node_modules\@prisma\client\runtime\client.js:65:7581)
    at zr.request (C:\Users\zaanv\Desktop\img-cloud\node_modules\@prisma\client\runtime\client.js:65:7288)
    at process.processTicksAndRejections (node:internal/process/task_queues:104:5)
    at async a (C:\Users\zaanv\Desktop\img-cloud\node_modules\@prisma\client\runtime\client.js:75:6862)
    at async POST (C:\Users\zaanv\Desktop\img-cloud\.next\dev\server\chunks\[root-of-the-server]__0ev~-y5._.js:130:26)
    at async AppRouteRouteModule.do (C:\Users\zaanv\Desktop\img-cloud\node_modules\next\dist\compiled\next-server\app-route-turbo.runtime.dev.js:5:40115)
    at async AppRouteRouteModule.handle (C:\Users\zaanv\Desktop\img-cloud\node_modules\next\dist\compiled\next-server\app-route-turbo.runtime.dev.js:5:47395)
    at async responseGenerator (C:\Users\zaanv\Desktop\img-cloud\.next\dev\server\chunks\[root-of-the-server]__0s0ty~c._.js:16509:38)
    at async AppRouteRouteModule.handleResponse (C:\Users\zaanv\Desktop\img-cloud\node_modules\next\dist\compiled\next-server\app-route-turbo.runtime.dev.js:1:228552)
    at async handleResponse (C:\Users\zaanv\Desktop\img-cloud\.next\dev\server\chunks\[root-of-the-server]__0s0ty~c._.js:16572:32)
    at async Module.handler (C:\Users\zaanv\Desktop\img-cloud\.next\dev\server\chunks\[root-of-the-server]__0s0ty~c._.js:16626:13)
    at async DevServer.renderToResponseWithComponentsImpl (C:\Users\zaanv\Desktop\img-cloud\node_modules\next\dist\server\base-server.js:1462:9)
    at async DevServer.renderPageComponent (C:\Users\zaanv\Desktop\img-cloud\node_modules\next\dist\server\base-server.js:1514:24)
    at async DevServer.renderToResponseImpl (C:\Users\zaanv\Desktop\img-cloud\node_modules\next\dist\server\base-server.js:1564:32)
    at async DevServer.pipeImpl (C:\Users\zaanv\Desktop\img-cloud\node_modules\next\dist\server\base-server.js:1044:25)
    at async NextNodeServer.handleCatchallRenderRequest (C:\Users\zaanv\Desktop\img-cloud\node_modules\next\dist\server\next-server.js:338:17)
    at async DevServer.handleRequestImpl (C:\Users\zaanv\Desktop\img-cloud\node_modules\next\dist\server\base-server.js:935:17)
    at async C:\Users\zaanv\Desktop\img-cloud\node_modules\next\dist\server\dev\next-dev-server.js:394:20
    at async Span.traceAsyncFn (C:\Users\zaanv\Desktop\img-cloud\node_modules\next\dist\trace\trace.js:164:20)
    at async DevServer.handleRequest (C:\Users\zaanv\Desktop\img-cloud\node_modules\next\dist\server\dev\next-dev-server.js:390:24)
    at async invokeRender (C:\Users\zaanv\Desktop\img-cloud\node_modules\next\dist\server\lib\router-server.js:266:21)
    at async handleRequest (C:\Users\zaanv\Desktop\img-cloud\node_modules\next\dist\server\lib\router-server.js:465:24)
    at async requestHandlerImpl (C:\Users\zaanv\Desktop\img-cloud\node_modules\next\dist\server\lib\router-server.js:514:13)
    at async Server.requestListener (C:\Users\zaanv\Desktop\img-cloud\node_modules\next\dist\server\lib\start-server.js:225:13)